11:46:40 **** Incremental Build of configuration Debug for project miParcial1 ****
Info: Internal Builder is used for build
gcc -O0 -g3 -Wall -c -fmessage-length=0 -o "src\\miParcial1.o" "..\\src\\miParcial1.c" 
gcc -o miParcial1.exe "src\\aritmetica.o" "src\\hardcodear.o" "src\\miParcial1.o" "src\\output.o" "src\\validaciones.o" 
Info: Nothing to build for miParcial1
11:48:08 **** Incremental Build of configuration Debug for project miParcial1 ****
Info: Internal Builder is used for build
gcc -O0 -g3 -Wall -c -fmessage-length=0 -o "src\\validaciones.o" "..\\src\\validaciones.c" 
gcc -O0 -g3 -Wall -c -fmessage-length=0 -o "src\\aritmetica.o" "..\\src\\aritmetica.c" 
gcc -O0 -g3 -Wall -c -fmessage-length=0 -o "src\\output.o" "..\\src\\output.c" 
gcc -O0 -g3 -Wall -c -fmessage-length=0 -o "src\\hardcodear.o" "..\\src\\hardcodear.c" 
gcc -O0 -g3 -Wall -c -fmessage-length=0 -o "src\\miParcial1.o" "..\\src\\miParcial1.c" 
gcc -o miParcial1.exe "src\\aritmetica.o" "src\\hardcodear.o" "src\\miParcial1.o" "src\\output.o" "src\\validaciones.o" 
c:/mingw/bin/../lib/gcc/mingw32/6.3.0/../../../../mingw32/bin/ld.exe: cannot open output file miParcial1.exe: Permission denied
collect2.exe: error: ld returned 1 exit status
11:48:13 **** Incremental Build of configuration Debug for project miParcial1 ****
Info: Internal Builder is used for build
gcc -o miParcial1.exe "src\\aritmetica.o" "src\\hardcodear.o" "src\\miParcial1.o" "src\\output.o" "src\\validaciones.o" 
c:/mingw/bin/../lib/gcc/mingw32/6.3.0/../../../../mingw32/bin/ld.exe: cannot open output file miParcial1.exe: Permission denied
collect2.exe: error: ld returned 1 exit status
11:48:13 **** Incremental Build of configuration Debug for project miParcial1 ****
Info: Internal Builder is used for build
gcc -o miParcial1.exe "src\\aritmetica.o" "src\\hardcodear.o" "src\\miParcial1.o" "src\\output.o" "src\\validaciones.o" 
c:/mingw/bin/../lib/gcc/mingw32/6.3.0/../../../../mingw32/bin/ld.exe: cannot open output file miParcial1.exe: Permission denied
collect2.exe: error: ld returned 1 exit status
11:48:15 **** Incremental Build of configuration Debug for project miParcial1 ****
Info: Internal Builder is used for build
gcc -o miParcial1.exe "src\\aritmetica.o" "src\\hardcodear.o" "src\\miParcial1.o" "src\\output.o" "src\\validaciones.o" 
